/usr//lib/python2.6/site-packages/WsprMod/hopping.py
/usr//lib/python2.6/site-packages/WsprMod/g.py
/usr//lib/python2.6/site-packages/WsprMod/PmwColor.py
/usr//lib/python2.6/site-packages/WsprMod/smeter.py
/usr//lib/python2.6/site-packages/WsprMod/advanced.py
/usr//lib/python2.6/site-packages/WsprMod/__init__.py
/usr//lib/python2.6/site-packages/WsprMod/specjt.py
/usr//lib/python2.6/site-packages/WsprMod/iq.py
/usr//lib/python2.6/site-packages/WsprMod/options.py
/usr//lib/python2.6/site-packages/WsprMod/Pmw.py
/usr//lib/python2.6/site-packages/WsprMod/palettes.py
/usr//lib/python2.6/site-packages/WsprMod/PmwBlt.py
/usr//lib/python2.6/site-packages/WsprMod/hopping.pyc
/usr//lib/python2.6/site-packages/WsprMod/g.pyc
/usr//lib/python2.6/site-packages/WsprMod/PmwColor.pyc
/usr//lib/python2.6/site-packages/WsprMod/smeter.pyc
/usr//lib/python2.6/site-packages/WsprMod/advanced.pyc
/usr//lib/python2.6/site-packages/WsprMod/__init__.pyc
/usr//lib/python2.6/site-packages/WsprMod/specjt.pyc
/usr//lib/python2.6/site-packages/WsprMod/iq.pyc
/usr//lib/python2.6/site-packages/WsprMod/options.pyc
/usr//lib/python2.6/site-packages/WsprMod/Pmw.pyc
/usr//lib/python2.6/site-packages/WsprMod/palettes.pyc
/usr//lib/python2.6/site-packages/WsprMod/PmwBlt.pyc
/usr//bin/wspr.py
/usr//lib/python2.6/site-packages/Wspr-wspr.3.0-py2.6.egg-info
