This file contains any messages produced by compilers while
running configure, to aid debugging if configure makes a mistake.

It was created by wspr configure 3.0, which was
generated by GNU Autoconf 2.67.  Invocation command line was

  $ ./configure 

## --------- ##
## Platform. ##
## --------- ##

hostname = debian
uname -m = i686
uname -r = 2.6.32-5-686
uname -s = Linux
uname -v = #1 SMP Mon Jun 13 04:13:06 UTC 2011

/usr/bin/uname -p = unknown
/bin/uname -X     = unknown

/bin/arch              = unknown
/usr/bin/arch -k       = unknown
/usr/convex/getsysinfo = unknown
/usr/bin/hostinfo      = unknown
/bin/machine           = unknown
/usr/bin/oslevel       = unknown
/bin/universe          = unknown

PATH: /usr/local/sbin
PATH: /usr/local/bin
PATH: /usr/sbin
PATH: /usr/bin
PATH: /sbin
PATH: /bin


## ----------- ##
## Core tests. ##
## ----------- ##

configure:2169: checking build system type
configure:2183: result: i686-pc-linux-gnu
configure:2203: checking host system type
configure:2216: result: i686-pc-linux-gnu
configure:2236: checking target system type
configure:2249: result: i686-pc-linux-gnu
configure:2292: checking for a BSD-compatible install
configure:2360: result: /usr/bin/install -c
configure:2371: checking whether build environment is sane
configure:2421: result: yes
configure:2562: checking for a thread-safe mkdir -p
configure:2601: result: /bin/mkdir -p
configure:2614: checking for gawk
configure:2630: found /usr/bin/gawk
configure:2641: result: gawk
configure:2652: checking whether make sets $(MAKE)
configure:2674: result: yes
configure:2755: checking whether to enable maintainer-specific portions of Makefiles
configure:2764: result: no
configure:2839: checking for gcc
configure:2855: found /usr/bin/gcc
configure:2866: result: gcc
configure:3095: checking for C compiler version
configure:3104: gcc --version >&5
gcc (Debian 4.4.5-8) 4.4.5
Copyright (C) 2010 Free Software Foundation, Inc.
This is free software; see the source for copying conditions.  There is NO
warranty; not even for MERCHANTABILITY or FITNESS FOR A PARTICULAR PURPOSE.

configure:3115: $? = 0
configure:3104: gcc -v >&5
Using built-in specs.
Target: i486-linux-gnu
Configured with: ../src/configure -v --with-pkgversion='Debian 4.4.5-8' --with-bugurl=file:///usr/share/doc/gcc-4.4/README.Bugs --enable-languages=c,c++,fortran,objc,obj-c++ --prefix=/usr --program-suffix=-4.4 --enable-shared --enable-multiarch --enable-linker-build-id --with-system-zlib --libexecdir=/usr/lib --without-included-gettext --enable-threads=posix --with-gxx-include-dir=/usr/include/c++/4.4 --libdir=/usr/lib --enable-nls --enable-clocale=gnu --enable-libstdcxx-debug --enable-objc-gc --enable-targets=all --with-arch-32=i586 --with-tune=generic --enable-checking=release --build=i486-linux-gnu --host=i486-linux-gnu --target=i486-linux-gnu
Thread model: posix
gcc version 4.4.5 (Debian 4.4.5-8) 
configure:3115: $? = 0
configure:3104: gcc -V >&5
gcc: '-V' option must have argument
configure:3115: $? = 1
configure:3104: gcc -qversion >&5
gcc: unrecognized option '-qversion'
gcc: no input files
configure:3115: $? = 1
configure:3135: checking whether the C compiler works
configure:3157: gcc    conftest.c  >&5
configure:3161: $? = 0
configure:3209: result: yes
configure:3212: checking for C compiler default output file name
configure:3214: result: a.out
configure:3220: checking for suffix of executables
configure:3227: gcc -o conftest    conftest.c  >&5
configure:3231: $? = 0
configure:3253: result: 
configure:3275: checking whether we are cross compiling
configure:3283: gcc -o conftest    conftest.c  >&5
configure:3287: $? = 0
configure:3294: ./conftest
configure:3298: $? = 0
configure:3313: result: no
configure:3318: checking for suffix of object files
configure:3340: gcc -c   conftest.c >&5
configure:3344: $? = 0
configure:3365: result: o
configure:3369: checking whether we are using the GNU C compiler
configure:3388: gcc -c   conftest.c >&5
configure:3388: $? = 0
configure:3397: result: yes
configure:3406: checking whether gcc accepts -g
configure:3426: gcc -c -g  conftest.c >&5
configure:3426: $? = 0
configure:3467: result: yes
configure:3484: checking for gcc option to accept ISO C89
configure:3548: gcc  -c -g -O2  conftest.c >&5
configure:3548: $? = 0
configure:3561: result: none needed
configure:3592: checking for style of include used by make
configure:3620: result: GNU
configure:3645: checking dependency style of gcc
configure:3755: result: none
configure:3829: checking for g77
configure:3859: result: no
configure:3829: checking for xlf
configure:3859: result: no
configure:3829: checking for f77
configure:3859: result: no
configure:3829: checking for frt
configure:3859: result: no
configure:3829: checking for pgf77
configure:3859: result: no
configure:3829: checking for cf77
configure:3859: result: no
configure:3829: checking for fort77
configure:3859: result: no
configure:3829: checking for fl32
configure:3859: result: no
configure:3829: checking for af77
configure:3859: result: no
configure:3829: checking for xlf90
configure:3859: result: no
configure:3829: checking for f90
configure:3859: result: no
configure:3829: checking for pgf90
configure:3859: result: no
configure:3829: checking for pghpf
configure:3859: result: no
configure:3829: checking for epcf90
configure:3859: result: no
configure:3829: checking for gfortran
configure:3845: found /usr/bin/gfortran
configure:3856: result: gfortran
configure:3882: checking for Fortran 77 compiler version
configure:3891: gfortran --version >&5
GNU Fortran (Debian 4.4.5-8) 4.4.5
Copyright (C) 2010 Free Software Foundation, Inc.

GNU Fortran comes with NO WARRANTY, to the extent permitted by law.
You may redistribute copies of GNU Fortran
under the terms of the GNU General Public License.
For more information about these matters, see the file named COPYING

configure:3902: $? = 0
configure:3891: gfortran -v >&5
Using built-in specs.
Target: i486-linux-gnu
Configured with: ../src/configure -v --with-pkgversion='Debian 4.4.5-8' --with-bugurl=file:///usr/share/doc/gcc-4.4/README.Bugs --enable-languages=c,c++,fortran,objc,obj-c++ --prefix=/usr --program-suffix=-4.4 --enable-shared --enable-multiarch --enable-linker-build-id --with-system-zlib --libexecdir=/usr/lib --without-included-gettext --enable-threads=posix --with-gxx-include-dir=/usr/include/c++/4.4 --libdir=/usr/lib --enable-nls --enable-clocale=gnu --enable-libstdcxx-debug --enable-objc-gc --enable-targets=all --with-arch-32=i586 --with-tune=generic --enable-checking=release --build=i486-linux-gnu --host=i486-linux-gnu --target=i486-linux-gnu
Thread model: posix
gcc version 4.4.5 (Debian 4.4.5-8) 
configure:3902: $? = 0
configure:3891: gfortran -V >&5
gfortran: '-V' option must have argument
configure:3902: $? = 1
configure:3891: gfortran -qversion >&5
gfortran: unrecognized option '-qversion'
gfortran: no input files
configure:3902: $? = 1
configure:3911: checking whether we are using the GNU Fortran 77 compiler
configure:3924: gfortran -c  conftest.F >&5
configure:3924: $? = 0
configure:3933: result: yes
configure:3939: checking whether gfortran accepts -g
configure:3950: gfortran -c -g conftest.f >&5
configure:3950: $? = 0
configure:3958: result: yes
configure:4003: checking if gcc is Apple GCC
configure:4012: result: no
configure:4028: checking for library containing strerror
configure:4059: gcc -o conftest  -Wall -O0 -g  -Wall -O0 -g -I/usr/local/include  -L/usr/local/lib  conftest.c  -lpthread  >&5
configure:4059: $? = 0
configure:4076: result: none required
configure:4084: checking for inline
configure:4100: gcc -c  -Wall -O0 -g  -Wall -O0 -g -I/usr/local/include  conftest.c >&5
configure:4100: $? = 0
configure:4108: result: inline
configure:4131: checking how to run the C preprocessor
configure:4162: gcc -E -I/usr/local/include  conftest.c
configure:4162: $? = 0
configure:4176: gcc -E -I/usr/local/include  conftest.c
conftest.c:11:28: error: ac_nonexistent.h: No such file or directory
configure:4176: $? = 1
configure: failed program was:
| /* confdefs.h */
| #define PACKAGE_NAME "wspr"
| #define PACKAGE_TARNAME "wspr"
| #define PACKAGE_VERSION "3.0"
| #define PACKAGE_STRING "wspr 3.0"
| #define PACKAGE_BUGREPORT ""
| #define PACKAGE_URL ""
| #define PACKAGE "wspr"
| #define VERSION "3.0"
| /* end confdefs.h.  */
| #include <ac_nonexistent.h>
configure:4201: result: gcc -E
configure:4221: gcc -E -I/usr/local/include  conftest.c
configure:4221: $? = 0
configure:4235: gcc -E -I/usr/local/include  conftest.c
conftest.c:11:28: error: ac_nonexistent.h: No such file or directory
configure:4235: $? = 1
configure: failed program was:
| /* confdefs.h */
| #define PACKAGE_NAME "wspr"
| #define PACKAGE_TARNAME "wspr"
| #define PACKAGE_VERSION "3.0"
| #define PACKAGE_STRING "wspr 3.0"
| #define PACKAGE_BUGREPORT ""
| #define PACKAGE_URL ""
| #define PACKAGE "wspr"
| #define VERSION "3.0"
| /* end confdefs.h.  */
| #include <ac_nonexistent.h>
configure:4264: checking for grep that handles long lines and -e
configure:4322: result: /bin/grep
configure:4327: checking for egrep
configure:4389: result: /bin/grep -E
configure:4395: checking whether gcc needs -traditional
configure:4429: result: no
configure:4436: checking whether make sets $(MAKE)
configure:4458: result: yes
configure:4470: checking for rm
configure:4488: found /bin/rm
configure:4500: result: /bin/rm
configure:4510: checking for cp
configure:4528: found /bin/cp
configure:4540: result: /bin/cp
configure:4550: checking for mv
configure:4568: found /bin/mv
configure:4580: result: /bin/mv
configure:4590: checking for ln
configure:4608: found /bin/ln
configure:4620: result: /bin/ln
configure:4630: checking for sed
configure:4648: found /bin/sed
configure:4660: result: /bin/sed
configure:4670: checking for ar
configure:4688: found /usr/bin/ar
configure:4700: result: /usr/bin/ar
configure:4710: checking for ld
configure:4728: found /usr/bin/ld
configure:4740: result: /usr/bin/ld
configure:4750: checking for test
configure:4768: found /usr/bin/test
configure:4781: result: /usr/bin/test
configure:4791: checking for python
configure:4809: found /usr/bin/python
configure:4821: result: /usr/bin/python
configure:4831: checking for f2py
configure:4849: found /usr/bin/f2py
configure:4861: result: /usr/bin/f2py
configure:4871: checking OS
configure:4878: checking for ANSI C header files
configure:4898: gcc -c  -Wall -O0 -g  -Wall -O0 -g -I/usr/local/include  conftest.c >&5
configure:4898: $? = 0
configure:4971: gcc -o conftest  -Wall -O0 -g  -Wall -O0 -g -I/usr/local/include  -L/usr/local/lib  conftest.c  -lpthread  >&5
configure:4971: $? = 0
configure:4971: ./conftest
configure:4971: $? = 0
configure:4982: result: yes
configure:4996: checking for sys/types.h
configure:4996: gcc -c  -Wall -O0 -g  -Wall -O0 -g -I/usr/local/include  conftest.c >&5
configure:4996: $? = 0
configure:4996: result: yes
configure:4996: checking for sys/stat.h
configure:4996: gcc -c  -Wall -O0 -g  -Wall -O0 -g -I/usr/local/include  conftest.c >&5
configure:4996: $? = 0
configure:4996: result: yes
configure:4996: checking for stdlib.h
configure:4996: gcc -c  -Wall -O0 -g  -Wall -O0 -g -I/usr/local/include  conftest.c >&5
configure:4996: $? = 0
configure:4996: result: yes
configure:4996: checking for string.h
configure:4996: gcc -c  -Wall -O0 -g  -Wall -O0 -g -I/usr/local/include  conftest.c >&5
configure:4996: $? = 0
configure:4996: result: yes
configure:4996: checking for memory.h
configure:4996: gcc -c  -Wall -O0 -g  -Wall -O0 -g -I/usr/local/include  conftest.c >&5
configure:4996: $? = 0
configure:4996: result: yes
configure:4996: checking for strings.h
configure:4996: gcc -c  -Wall -O0 -g  -Wall -O0 -g -I/usr/local/include  conftest.c >&5
configure:4996: $? = 0
configure:4996: result: yes
configure:4996: checking for inttypes.h
configure:4996: gcc -c  -Wall -O0 -g  -Wall -O0 -g -I/usr/local/include  conftest.c >&5
configure:4996: $? = 0
configure:4996: result: yes
configure:4996: checking for stdint.h
configure:4996: gcc -c  -Wall -O0 -g  -Wall -O0 -g -I/usr/local/include  conftest.c >&5
configure:4996: $? = 0
configure:4996: result: yes
configure:4996: checking for unistd.h
configure:4996: gcc -c  -Wall -O0 -g  -Wall -O0 -g -I/usr/local/include  conftest.c >&5
configure:4996: $? = 0
configure:4996: result: yes
configure:5013: checking for inttypes.h
configure:5013: result: yes
configure:5013: checking for stdint.h
configure:5013: result: yes
configure:5013: checking sys/resource.h usability
configure:5013: gcc -c  -Wall -O0 -g  -Wall -O0 -g -I/usr/local/include  conftest.c >&5
configure:5013: $? = 0
configure:5013: result: yes
configure:5013: checking sys/resource.h presence
configure:5013: gcc -E -I/usr/local/include  conftest.c
configure:5013: $? = 0
configure:5013: result: yes
configure:5013: checking for sys/resource.h
configure:5013: result: yes
configure:5013: checking sys/param.h usability
configure:5013: gcc -c  -Wall -O0 -g  -Wall -O0 -g -I/usr/local/include  conftest.c >&5
configure:5013: $? = 0
configure:5013: result: yes
configure:5013: checking sys/param.h presence
configure:5013: gcc -E -I/usr/local/include  conftest.c
configure:5013: $? = 0
configure:5013: result: yes
configure:5013: checking for sys/param.h
configure:5013: result: yes
configure:5013: checking errno.h usability
configure:5013: gcc -c  -Wall -O0 -g  -Wall -O0 -g -I/usr/local/include  conftest.c >&5
configure:5013: $? = 0
configure:5013: result: yes
configure:5013: checking errno.h presence
configure:5013: gcc -E -I/usr/local/include  conftest.c
configure:5013: $? = 0
configure:5013: result: yes
configure:5013: checking for errno.h
configure:5013: result: yes
configure:5013: checking sys/syslog.h usability
configure:5013: gcc -c  -Wall -O0 -g  -Wall -O0 -g -I/usr/local/include  conftest.c >&5
configure:5013: $? = 0
configure:5013: result: yes
configure:5013: checking sys/syslog.h presence
configure:5013: gcc -E -I/usr/local/include  conftest.c
configure:5013: $? = 0
configure:5013: result: yes
configure:5013: checking for sys/syslog.h
configure:5013: result: yes
configure:5013: checking stddef.h usability
configure:5013: gcc -c  -Wall -O0 -g  -Wall -O0 -g -I/usr/local/include  conftest.c >&5
configure:5013: $? = 0
configure:5013: result: yes
configure:5013: checking stddef.h presence
configure:5013: gcc -E -I/usr/local/include  conftest.c
configure:5013: $? = 0
configure:5013: result: yes
configure:5013: checking for stddef.h
configure:5013: result: yes
configure:5013: checking libgen.h usability
configure:5013: gcc -c  -Wall -O0 -g  -Wall -O0 -g -I/usr/local/include  conftest.c >&5
configure:5013: $? = 0
configure:5013: result: yes
configure:5013: checking libgen.h presence
configure:5013: gcc -E -I/usr/local/include  conftest.c
configure:5013: $? = 0
configure:5013: result: yes
configure:5013: checking for libgen.h
configure:5013: result: yes
configure:5013: checking sys/wait.h usability
configure:5013: gcc -c  -Wall -O0 -g  -Wall -O0 -g -I/usr/local/include  conftest.c >&5
configure:5013: $? = 0
configure:5013: result: yes
configure:5013: checking sys/wait.h presence
configure:5013: gcc -E -I/usr/local/include  conftest.c
configure:5013: $? = 0
configure:5013: result: yes
configure:5013: checking for sys/wait.h
configure:5013: result: yes
configure:5013: checking wait.h usability
configure:5013: gcc -c  -Wall -O0 -g  -Wall -O0 -g -I/usr/local/include  conftest.c >&5
configure:5013: $? = 0
configure:5013: result: yes
configure:5013: checking wait.h presence
configure:5013: gcc -E -I/usr/local/include  conftest.c
configure:5013: $? = 0
configure:5013: result: yes
configure:5013: checking for wait.h
configure:5013: result: yes
configure:5013: checking stdio.h usability
configure:5013: gcc -c  -Wall -O0 -g  -Wall -O0 -g -I/usr/local/include  conftest.c >&5
configure:5013: $? = 0
configure:5013: result: yes
configure:5013: checking stdio.h presence
configure:5013: gcc -E -I/usr/local/include  conftest.c
configure:5013: $? = 0
configure:5013: result: yes
configure:5013: checking for stdio.h
configure:5013: result: yes
configure:5013: checking termios.h usability
configure:5013: gcc -c  -Wall -O0 -g  -Wall -O0 -g -I/usr/local/include  conftest.c >&5
configure:5013: $? = 0
configure:5013: result: yes
configure:5013: checking termios.h presence
configure:5013: gcc -E -I/usr/local/include  conftest.c
configure:5013: $? = 0
configure:5013: result: yes
configure:5013: checking for termios.h
configure:5013: result: yes
configure:5013: checking for sys/resource.h
configure:5013: result: yes
configure:5013: checking linux/ppdev.h usability
configure:5013: gcc -c  -Wall -O0 -g  -Wall -O0 -g -I/usr/local/include  conftest.c >&5
configure:5013: $? = 0
configure:5013: result: yes
configure:5013: checking linux/ppdev.h presence
configure:5013: gcc -E -I/usr/local/include  conftest.c
configure:5013: $? = 0
configure:5013: result: yes
configure:5013: checking for linux/ppdev.h
configure:5013: result: yes
configure:5013: checking dev/ppbus/ppi.h usability
configure:5013: gcc -c  -Wall -O0 -g  -Wall -O0 -g -I/usr/local/include  conftest.c >&5
conftest.c:68:27: error: dev/ppbus/ppi.h: No such file or directory
configure:5013: $? = 1
configure: failed program was:
| /* confdefs.h */
| #define PACKAGE_NAME "wspr"
| #define PACKAGE_TARNAME "wspr"
| #define PACKAGE_VERSION "3.0"
| #define PACKAGE_STRING "wspr 3.0"
| #define PACKAGE_BUGREPORT ""
| #define PACKAGE_URL ""
| #define PACKAGE "wspr"
| #define VERSION "3.0"
| #define STDC_HEADERS 1
| #define HAVE_SYS_TYPES_H 1
| #define HAVE_SYS_STAT_H 1
| #define HAVE_STDLIB_H 1
| #define HAVE_STRING_H 1
| #define HAVE_MEMORY_H 1
| #define HAVE_STRINGS_H 1
| #define HAVE_INTTYPES_H 1
| #define HAVE_STDINT_H 1
| #define HAVE_UNISTD_H 1
| #define HAVE_INTTYPES_H 1
| #define HAVE_STDINT_H 1
| #define HAVE_SYS_RESOURCE_H 1
| #define HAVE_SYS_PARAM_H 1
| #define HAVE_ERRNO_H 1
| #define HAVE_SYS_SYSLOG_H 1
| #define HAVE_STDDEF_H 1
| #define HAVE_LIBGEN_H 1
| #define HAVE_SYS_WAIT_H 1
| #define HAVE_WAIT_H 1
| #define HAVE_STDIO_H 1
| #define HAVE_TERMIOS_H 1
| #define HAVE_SYS_RESOURCE_H 1
| #define HAVE_LINUX_PPDEV_H 1
| /* end confdefs.h.  */
| #include <stdio.h>
| #ifdef HAVE_SYS_TYPES_H
| # include <sys/types.h>
| #endif
| #ifdef HAVE_SYS_STAT_H
| # include <sys/stat.h>
| #endif
| #ifdef STDC_HEADERS
| # include <stdlib.h>
| # include <stddef.h>
| #else
| # ifdef HAVE_STDLIB_H
| #  include <stdlib.h>
| # endif
| #endif
| #ifdef HAVE_STRING_H
| # if !defined STDC_HEADERS && defined HAVE_MEMORY_H
| #  include <memory.h>
| # endif
| # include <string.h>
| #endif
| #ifdef HAVE_STRINGS_H
| # include <strings.h>
| #endif
| #ifdef HAVE_INTTYPES_H
| # include <inttypes.h>
| #endif
| #ifdef HAVE_STDINT_H
| # include <stdint.h>
| #endif
| #ifdef HAVE_UNISTD_H
| # include <unistd.h>
| #endif
| #include <dev/ppbus/ppi.h>
configure:5013: result: no
configure:5013: checking dev/ppbus/ppi.h presence
configure:5013: gcc -E -I/usr/local/include  conftest.c
conftest.c:35:27: error: dev/ppbus/ppi.h: No such file or directory
configure:5013: $? = 1
configure: failed program was:
| /* confdefs.h */
| #define PACKAGE_NAME "wspr"
| #define PACKAGE_TARNAME "wspr"
| #define PACKAGE_VERSION "3.0"
| #define PACKAGE_STRING "wspr 3.0"
| #define PACKAGE_BUGREPORT ""
| #define PACKAGE_URL ""
| #define PACKAGE "wspr"
| #define VERSION "3.0"
| #define STDC_HEADERS 1
| #define HAVE_SYS_TYPES_H 1
| #define HAVE_SYS_STAT_H 1
| #define HAVE_STDLIB_H 1
| #define HAVE_STRING_H 1
| #define HAVE_MEMORY_H 1
| #define HAVE_STRINGS_H 1
| #define HAVE_INTTYPES_H 1
| #define HAVE_STDINT_H 1
| #define HAVE_UNISTD_H 1
| #define HAVE_INTTYPES_H 1
| #define HAVE_STDINT_H 1
| #define HAVE_SYS_RESOURCE_H 1
| #define HAVE_SYS_PARAM_H 1
| #define HAVE_ERRNO_H 1
| #define HAVE_SYS_SYSLOG_H 1
| #define HAVE_STDDEF_H 1
| #define HAVE_LIBGEN_H 1
| #define HAVE_SYS_WAIT_H 1
| #define HAVE_WAIT_H 1
| #define HAVE_STDIO_H 1
| #define HAVE_TERMIOS_H 1
| #define HAVE_SYS_RESOURCE_H 1
| #define HAVE_LINUX_PPDEV_H 1
| /* end confdefs.h.  */
| #include <dev/ppbus/ppi.h>
configure:5013: result: no
configure:5013: checking for dev/ppbus/ppi.h
configure:5013: result: no
configure:5013: checking for sys/stat.h
configure:5013: result: yes
configure:5013: checking fcntl.h usability
configure:5013: gcc -c  -Wall -O0 -g  -Wall -O0 -g -I/usr/local/include  conftest.c >&5
configure:5013: $? = 0
configure:5013: result: yes
configure:5013: checking fcntl.h presence
configure:5013: gcc -E -I/usr/local/include  conftest.c
configure:5013: $? = 0
configure:5013: result: yes
configure:5013: checking for fcntl.h
configure:5013: result: yes
configure:5013: checking sys/ioctl.h usability
configure:5013: gcc -c  -Wall -O0 -g  -Wall -O0 -g -I/usr/local/include  conftest.c >&5
configure:5013: $? = 0
configure:5013: result: yes
configure:5013: checking sys/ioctl.h presence
configure:5013: gcc -E -I/usr/local/include  conftest.c
configure:5013: $? = 0
configure:5013: result: yes
configure:5013: checking for sys/ioctl.h
configure:5013: result: yes
configure:5024: checking whether time.h and sys/time.h may both be included
configure:5044: gcc -c  -Wall -O0 -g  -Wall -O0 -g -I/usr/local/include  conftest.c >&5
configure:5044: $? = 0
configure:5051: result: yes
configure:5060: checking samplerate.h usability
configure:5060: gcc -c  -Wall -O0 -g  -Wall -O0 -g -I/usr/local/include  conftest.c >&5
configure:5060: $? = 0
configure:5060: result: yes
configure:5060: checking samplerate.h presence
configure:5060: gcc -E -I/usr/local/include  conftest.c
configure:5060: $? = 0
configure:5060: result: yes
configure:5060: checking for samplerate.h
configure:5060: result: yes
configure:5069: checking whether string.h and strings.h may both be included
configure:5080: gcc -c  -Wall -O0 -g  -Wall -O0 -g -I/usr/local/include  conftest.c >&5
configure:5080: $? = 0
configure:5088: result: yes
configure:5098: checking stdarg.h usability
configure:5098: gcc -c  -Wall -O0 -g  -Wall -O0 -g -I/usr/local/include  conftest.c >&5
configure:5098: $? = 0
configure:5098: result: yes
configure:5098: checking stdarg.h presence
configure:5098: gcc -E -I/usr/local/include  conftest.c
configure:5098: $? = 0
configure:5098: result: yes
configure:5098: checking for stdarg.h
configure:5098: result: yes
configure:5331: creating ./config.status

## ---------------------- ##
## Running config.status. ##
## ---------------------- ##

This file was extended by wspr config.status 3.0, which was
generated by GNU Autoconf 2.67.  Invocation command line was

  CONFIG_FILES    = 
  CONFIG_HEADERS  = 
  CONFIG_LINKS    = 
  CONFIG_COMMANDS = 
  $ ./config.status 

on debian

config.status:817: creating Makefile
config.status:817: creating src/Makefile
config.status:988: executing depfiles commands
configure:6492: error: Please check error messages and install missing packages.

## ---------------- ##
## Cache variables. ##
## ---------------- ##

ac_cv_build=i686-pc-linux-gnu
ac_cv_c_compiler_gnu=yes
ac_cv_c_inline=inline
ac_cv_env_CC_set=
ac_cv_env_CC_value=
ac_cv_env_CFLAGS_set=
ac_cv_env_CFLAGS_value=
ac_cv_env_CPPFLAGS_set=
ac_cv_env_CPPFLAGS_value=
ac_cv_env_CPP_set=
ac_cv_env_CPP_value=
ac_cv_env_F77_set=
ac_cv_env_F77_value=
ac_cv_env_FFLAGS_set=
ac_cv_env_FFLAGS_value=
ac_cv_env_LDFLAGS_set=
ac_cv_env_LDFLAGS_value=
ac_cv_env_LIBS_set=
ac_cv_env_LIBS_value=
ac_cv_env_build_alias_set=
ac_cv_env_build_alias_value=
ac_cv_env_host_alias_set=
ac_cv_env_host_alias_value=
ac_cv_env_target_alias_set=
ac_cv_env_target_alias_value=
ac_cv_f77_compiler_gnu=yes
ac_cv_header_dev_ppbus_ppi_h=no
ac_cv_header_errno_h=yes
ac_cv_header_fcntl_h=yes
ac_cv_header_inttypes_h=yes
ac_cv_header_libgen_h=yes
ac_cv_header_linux_ppdev_h=yes
ac_cv_header_memory_h=yes
ac_cv_header_samplerate_h=yes
ac_cv_header_stdarg_h=yes
ac_cv_header_stdc=yes
ac_cv_header_stddef_h=yes
ac_cv_header_stdint_h=yes
ac_cv_header_stdio_h=yes
ac_cv_header_stdlib_h=yes
ac_cv_header_string_h=yes
ac_cv_header_strings_h=yes
ac_cv_header_sys_ioctl_h=yes
ac_cv_header_sys_param_h=yes
ac_cv_header_sys_resource_h=yes
ac_cv_header_sys_stat_h=yes
ac_cv_header_sys_syslog_h=yes
ac_cv_header_sys_types_h=yes
ac_cv_header_sys_wait_h=yes
ac_cv_header_termios_h=yes
ac_cv_header_time=yes
ac_cv_header_unistd_h=yes
ac_cv_header_wait_h=yes
ac_cv_host=i686-pc-linux-gnu
ac_cv_objext=o
ac_cv_path_AR=/usr/bin/ar
ac_cv_path_CP=/bin/cp
ac_cv_path_EGREP='/bin/grep -E'
ac_cv_path_F2PY=/usr/bin/f2py
ac_cv_path_GREP=/bin/grep
ac_cv_path_LD=/usr/bin/ld
ac_cv_path_LN=/bin/ln
ac_cv_path_MV=/bin/mv
ac_cv_path_PYTHON=/usr/bin/python
ac_cv_path_RM=/bin/rm
ac_cv_path_SED=/bin/sed
ac_cv_path_TEST=/usr/bin/test
ac_cv_path_install='/usr/bin/install -c'
ac_cv_path_mkdir=/bin/mkdir
ac_cv_prog_AWK=gawk
ac_cv_prog_CPP='gcc -E'
ac_cv_prog_ac_ct_CC=gcc
ac_cv_prog_ac_ct_F77=gfortran
ac_cv_prog_cc_c89=
ac_cv_prog_cc_g=yes
ac_cv_prog_f77_g=yes
ac_cv_prog_gcc_traditional=no
ac_cv_prog_make_make_set=yes
ac_cv_search_strerror='none required'
ac_cv_target=i686-pc-linux-gnu
am_cv_CC_dependencies_compiler_type=none
gcc_cv_header_string=yes

## ----------------- ##
## Output variables. ##
## ----------------- ##

ACLOCAL='${SHELL} /root/wspr/deb/wspr/wspr-3.0/build-aux/missing --run aclocal-1.11'
AMDEPBACKSLASH='\'
AMDEP_FALSE='#'
AMDEP_TRUE=''
AMTAR='${SHELL} /root/wspr/deb/wspr/wspr-3.0/build-aux/missing --run tar'
AM_BACKSLASH='\'
AM_DEFAULT_VERBOSITY='0'
AR='/usr/bin/ar'
AUTOCONF='${SHELL} /root/wspr/deb/wspr/wspr-3.0/build-aux/missing --run autoconf'
AUTOHEADER='${SHELL} /root/wspr/deb/wspr/wspr-3.0/build-aux/missing --run autoheader'
AUTOMAKE='${SHELL} /root/wspr/deb/wspr/wspr-3.0/build-aux/missing --run automake-1.11'
AWK='gawk'
CC='gcc'
CCDEPMODE='depmode=none'
CFLAGS=' -Wall -O0 -g  -Wall -O0 -g'
CLOBBER=''
CP='/bin/cp'
CPP='gcc -E'
CPPFLAGS='-I/usr/local/include '
CYGPATH_W='echo'
DEFS='-DPACKAGE_NAME=\"wspr\" -DPACKAGE_TARNAME=\"wspr\" -DPACKAGE_VERSION=\"3.0\" -DPACKAGE_STRING=\"wspr\ 3.0\" -DPACKAGE_BUGREPORT=\"\" -DPACKAGE_URL=\"\" -DPACKAGE=\"wspr\" -DVERSION=\"3.0\" -DSTDC_HEADERS=1 -DHAVE_SYS_TYPES_H=1 -DHAVE_SYS_STAT_H=1 -DHAVE_STDLIB_H=1 -DHAVE_STRING_H=1 -DHAVE_MEMORY_H=1 -DHAVE_STRINGS_H=1 -DHAVE_INTTYPES_H=1 -DHAVE_STDINT_H=1 -DHAVE_UNISTD_H=1 -DHAVE_INTTYPES_H=1 -DHAVE_STDINT_H=1 -DHAVE_SYS_RESOURCE_H=1 -DHAVE_SYS_PARAM_H=1 -DHAVE_ERRNO_H=1 -DHAVE_SYS_SYSLOG_H=1 -DHAVE_STDDEF_H=1 -DHAVE_LIBGEN_H=1 -DHAVE_SYS_WAIT_H=1 -DHAVE_WAIT_H=1 -DHAVE_STDIO_H=1 -DHAVE_TERMIOS_H=1 -DHAVE_SYS_RESOURCE_H=1 -DHAVE_LINUX_PPDEV_H=1 -DHAVE_SYS_STAT_H=1 -DHAVE_FCNTL_H=1 -DHAVE_SYS_IOCTL_H=1 -DTIME_WITH_SYS_TIME=1 -DSTRING_WITH_STRINGS=1 -DNDEBUG=1'
DEPDIR='.deps'
ECHO_C=''
ECHO_N='-n'
ECHO_T=''
EGREP='/bin/grep -E'
EXEEXT=''
F2PY='/usr/bin/f2py'
F77='gfortran'
FFLAGS='-g -O2'
GREP='/bin/grep'
INSTALL_DATA='${INSTALL} -m 644'
INSTALL_PROGRAM='${INSTALL}'
INSTALL_SCRIPT='${INSTALL}'
INSTALL_STRIP_PROGRAM='$(install_sh) -c -s'
LD='/usr/bin/ld'
LDFLAGS='-L/usr/local/lib '
LIBOBJS=''
LIBS=' -lpthread '
LN='/bin/ln'
LTLIBOBJS=''
MAINT='#'
MAINTAINER_MODE_FALSE=''
MAINTAINER_MODE_TRUE='#'
MAKEINFO='${SHELL} /root/wspr/deb/wspr/wspr-3.0/build-aux/missing --run makeinfo'
MKDIR_P='/bin/mkdir -p'
MV='/bin/mv'
OBJEXT='o'
OS='Linux'
PACKAGE='wspr'
PACKAGE_BUGREPORT=''
PACKAGE_NAME='wspr'
PACKAGE_STRING='wspr 3.0'
PACKAGE_TARNAME='wspr'
PACKAGE_URL=''
PACKAGE_VERSION='3.0'
PATH_SEPARATOR=':'
PREFIX='/usr/local/'
PYTHON='/usr/bin/python'
RM='/bin/rm'
SED='/bin/sed'
SET_MAKE=''
SHELL='/bin/bash'
STRIP=''
TEST='/usr/bin/test'
VERSION=''
ac_ct_CC='gcc'
ac_ct_F77='gfortran'
am__EXEEXT_FALSE=''
am__EXEEXT_TRUE='#'
am__fastdepCC_FALSE=''
am__fastdepCC_TRUE='#'
am__include='include'
am__isrc=''
am__leading_dot='.'
am__quote=''
am__tar='${AMTAR} chof - "$$tardir"'
am__untar='${AMTAR} xf -'
bindir='${exec_prefix}/bin'
build='i686-pc-linux-gnu'
build_alias=''
build_cpu='i686'
build_os='linux-gnu'
build_vendor='pc'
datadir='${datarootdir}'
datarootdir='${prefix}/share'
docdir='${datarootdir}/doc/${PACKAGE_TARNAME}'
dvidir='${docdir}'
exec_prefix='${prefix}'
host='i686-pc-linux-gnu'
host_alias=''
host_cpu='i686'
host_os='linux-gnu'
host_vendor='pc'
htmldir='${docdir}'
includedir='${prefix}/include'
infodir='${datarootdir}/info'
install_sh='${SHELL} /root/wspr/deb/wspr/wspr-3.0/build-aux/install-sh'
libdir='${exec_prefix}/lib'
libexecdir='${exec_prefix}/libexec'
localedir='${datarootdir}/locale'
localstatedir='${prefix}/var'
mandir='${datarootdir}/man'
mkdir_p='/bin/mkdir -p'
oldincludedir='/usr/include'
pdfdir='${docdir}'
prefix='/usr/local/'
program_transform_name='s,x,x,'
psdir='${docdir}'
sbindir='${exec_prefix}/sbin'
sharedstatedir='${prefix}/com'
sysconfdir='${prefix}/etc'
target='i686-pc-linux-gnu'
target_alias=''
target_cpu='i686'
target_os='linux-gnu'
target_vendor='pc'

## ----------- ##
## confdefs.h. ##
## ----------- ##

/* confdefs.h */
#define PACKAGE_NAME "wspr"
#define PACKAGE_TARNAME "wspr"
#define PACKAGE_VERSION "3.0"
#define PACKAGE_STRING "wspr 3.0"
#define PACKAGE_BUGREPORT ""
#define PACKAGE_URL ""
#define PACKAGE "wspr"
#define VERSION "3.0"
#define STDC_HEADERS 1
#define HAVE_SYS_TYPES_H 1
#define HAVE_SYS_STAT_H 1
#define HAVE_STDLIB_H 1
#define HAVE_STRING_H 1
#define HAVE_MEMORY_H 1
#define HAVE_STRINGS_H 1
#define HAVE_INTTYPES_H 1
#define HAVE_STDINT_H 1
#define HAVE_UNISTD_H 1
#define HAVE_INTTYPES_H 1
#define HAVE_STDINT_H 1
#define HAVE_SYS_RESOURCE_H 1
#define HAVE_SYS_PARAM_H 1
#define HAVE_ERRNO_H 1
#define HAVE_SYS_SYSLOG_H 1
#define HAVE_STDDEF_H 1
#define HAVE_LIBGEN_H 1
#define HAVE_SYS_WAIT_H 1
#define HAVE_WAIT_H 1
#define HAVE_STDIO_H 1
#define HAVE_TERMIOS_H 1
#define HAVE_SYS_RESOURCE_H 1
#define HAVE_LINUX_PPDEV_H 1
#define HAVE_SYS_STAT_H 1
#define HAVE_FCNTL_H 1
#define HAVE_SYS_IOCTL_H 1
#define TIME_WITH_SYS_TIME 1
#define STRING_WITH_STRINGS 1
#define NDEBUG 1

configure: exit 1
